[debug] [2024-03-18T07:44:48.937Z] ----------------------------------------------------------------------
[debug] [2024-03-18T07:44:48.941Z] Command:       /usr/bin/node /usr/local/bin/firebase init
[debug] [2024-03-18T07:44:48.942Z] CLI Version:   13.5.1
[debug] [2024-03-18T07:44:48.942Z] Platform:      linux
[debug] [2024-03-18T07:44:48.943Z] Node Version:  v18.19.1
[debug] [2024-03-18T07:44:48.944Z] Time:          Mon Mar 18 2024 13:14:48 GMT+0530 (India Standard Time)
[debug] [2024-03-18T07:44:48.944Z] ----------------------------------------------------------------------
[debug] 
[debug] [2024-03-18T07:44:49.081Z] > command requires scopes: ["email","openid","https://www.googleapis.com/auth/cloudplatformprojects.readonly","https://www.googleapis.com/auth/firebase","https://www.googleapis.com/auth/cloud-platform"]
[debug] [2024-03-18T07:44:49.082Z] > authorizing via signed-in user (softwarestudiokh@gmail.com)
[info] 
     ######## #### ########  ######## ########     ###     ######  ########
     ##        ##  ##     ## ##       ##     ##  ##   ##  ##       ##
     ######    ##  ########  ######   ########  #########  ######  ######
     ##        ##  ##    ##  ##       ##     ## ##     ##       ## ##
     ##       #### ##     ## ######## ########  ##     ##  ######  ########

You're about to initialize a Firebase project in this directory:

  /home/anonymous/Desktop/student-mangement-system/student-management-system-projects/student-management-system

Before we get started, keep in mind:

  * You are initializing within an existing Firebase project directory

[info] 
=== Project Setup
[info] 
[info] First, let's associate this project directory with a Firebase project.
[info] You can create multiple project aliases by running firebase use --add, 
[info] but for now we'll just set up a default project.
[info] 
[debug] [2024-03-18T07:45:01.603Z] Using project from CLI flag: ccc-course-b1b24
[debug] [2024-03-18T07:45:01.608Z] >>> [apiv2][query] GET https://firebase.googleapis.com/v1beta1/projects/ccc-course-b1b24 [none]
[debug] [2024-03-18T07:45:02.346Z] <<< [apiv2][status] GET https://firebase.googleapis.com/v1beta1/projects/ccc-course-b1b24 200
[debug] [2024-03-18T07:45:02.347Z] <<< [apiv2][body] GET https://firebase.googleapis.com/v1beta1/projects/ccc-course-b1b24 {"projectId":"ccc-course-b1b24","projectNumber":"639722606878","displayName":"ccc-course","name":"projects/ccc-course-b1b24","resources":{"hostingSite":"ccc-course-b1b24","realtimeDatabaseInstance":"ccc-course-b1b24-default-rtdb"},"state":"ACTIVE","etag":"1_7d077276-16e6-4fae-b6ef-732cc6d91965"}
[info] i  Using project ccc-course-b1b24 (ccc-course) 
[info] 
=== Hosting Setup
[debug] [2024-03-18T07:45:02.382Z] >>> [apiv2][query] GET https://firebase.googleapis.com/v1beta1/projects/ccc-course-b1b24 [none]
[debug] [2024-03-18T07:45:02.858Z] <<< [apiv2][status] GET https://firebase.googleapis.com/v1beta1/projects/ccc-course-b1b24 200
[debug] [2024-03-18T07:45:02.858Z] <<< [apiv2][body] GET https://firebase.googleapis.com/v1beta1/projects/ccc-course-b1b24 {"projectId":"ccc-course-b1b24","projectNumber":"639722606878","displayName":"ccc-course","name":"projects/ccc-course-b1b24","resources":{"hostingSite":"ccc-course-b1b24","realtimeDatabaseInstance":"ccc-course-b1b24-default-rtdb"},"state":"ACTIVE","etag":"1_7d077276-16e6-4fae-b6ef-732cc6d91965"}
[info] 
[info] Your public directory is the folder (relative to your project directory) that
[info] will contain Hosting assets to be uploaded with firebase deploy. If you
[info] have a build process for your assets, use your build's output directory.
[info] 
[debug] [2024-03-18T07:45:24.595Z] >>> [apiv2][query] GET https://www.gstatic.com/firebasejs/releases.json [none]
[debug] [2024-03-18T07:45:24.779Z] <<< [apiv2][status] GET https://www.gstatic.com/firebasejs/releases.json 200
[debug] [2024-03-18T07:45:24.780Z] <<< [apiv2][body] GET https://www.gstatic.com/firebasejs/releases.json {"current":{"version":"10.9.0","browserURL":"https://www.gstatic.com/firebasejs/10.9.0/firebase.js","packageURL":"https://www.gstatic.com/firebasejs/10.9.0/firebase.tgz"},"live":{"version":"10.9","browserURL":"https://www.gstatic.com/firebasejs/live/10.9/firebase.js","packageURL":"https://www.gstatic.com/firebasejs/live/10.9/firebase.tgz"},"components":{"analytics":"https://www.gstatic.com/firebasejs/10.9.0/firebase-analytics.js","app":"https://www.gstatic.com/firebasejs/10.9.0/firebase-app.js","app-check":"https://www.gstatic.com/firebasejs/10.9.0/firebase-app-check.js","auth":"https://www.gstatic.com/firebasejs/10.9.0/firebase-auth.js","auth/cordova":"https://www.gstatic.com/firebasejs/10.9.0/firebase-auth/cordova.js","auth/web-extension":"https://www.gstatic.com/firebasejs/10.9.0/firebase-auth/web-extension.js","functions":"https://www.gstatic.com/firebasejs/10.9.0/firebase-functions.js","firestore":"https://www.gstatic.com/firebasejs/10.9.0/firebase-firestore.js","firestore/lite":"https://www.gstatic.com/firebasejs/10.9.0/firebase-firestore/lite.js","installations":"https://www.gstatic.com/firebasejs/10.9.0/firebase-installations.js","storage":"https://www.gstatic.com/firebasejs/10.9.0/firebase-storage.js","performance":"https://www.gstatic.com/firebasejs/10.9.0/firebase-performance.js","remote-config":"https://www.gstatic.com/firebasejs/10.9.0/firebase-remote-config.js","messaging":"https://www.gstatic.com/firebasejs/10.9.0/firebase-messaging.js","messaging/sw":"https://www.gstatic.com/firebasejs/10.9.0/firebase-messaging/sw.js","database":"https://www.gstatic.com/firebasejs/10.9.0/firebase-database.js","firestore.memory":"https://www.gstatic.com/firebasejs/10.9.0/firebase-firestore.memory.js"}}
[info] i  Skipping write of dist/index.html 
[info] 
[info] i  Writing configuration info to firebase.json... 
[info] i  Writing project information to .firebaserc... 
[info] 
[info] ✔  Firebase initialization complete! 
[debug] [2024-03-18T07:45:33.431Z] Error: Timed out.
    at Timeout.<anonymous> (/usr/local/lib/node_modules/firebase-tools/lib/utils.js:258:49)
    at listOnTimeout (node:internal/timers:569:17)
    at process.processTimers (node:internal/timers:512:7)
[error] 
[error] Error: An unexpected error has occurred.
